\BOOKMARK [1][-]{section.1}{Systemspecifikation}{}% 1
\BOOKMARK [1][-]{section.2}{Systembeskrivning}{}% 2
\BOOKMARK [2][-]{subsection.2.1}{Blockschema}{section.2}% 3
\BOOKMARK [1][-]{section.3}{Beskrivning av delblocken}{}% 4
\BOOKMARK [2][-]{subsection.3.1}{Styrenhet}{section.3}% 5
\BOOKMARK [2][-]{subsection.3.2}{Temperatur}{section.3}% 6
\BOOKMARK [3][-]{subsubsection.3.2.1}{DS18S20}{subsection.3.2}% 7
\BOOKMARK [3][-]{subsubsection.3.2.2}{Onewire}{subsection.3.2}% 8
\BOOKMARK [2][-]{subsection.3.3}{7-Segmentdisplay}{section.3}% 9
\BOOKMARK [3][-]{subsubsection.3.3.1}{segment\137temperature}{subsection.3.3}% 10
\BOOKMARK [2][-]{subsection.3.4}{Kommunikation}{section.3}% 11
\BOOKMARK [2][-]{subsection.3.5}{Element}{section.3}% 12
\BOOKMARK [1][-]{section.4}{H\345rdvara}{}% 13
\BOOKMARK [2][-]{subsection.4.1}{Digilent Nexys3 - FPGA}{section.4}% 14
\BOOKMARK [2][-]{subsection.4.2}{DS18S20 - Temperatursensor}{section.4}% 15
\BOOKMARK [1][-]{section.5}{Felanalys}{}% 16
\BOOKMARK [1][-]{appendix.A}{Kommandon}{}% 17
\BOOKMARK [1][-]{appendix.B}{Signallista}{}% 18
\BOOKMARK [2][-]{subsection.B.1}{DS18S20}{appendix.B}% 19
\BOOKMARK [2][-]{subsection.B.2}{segment\137temperature}{appendix.B}% 20
\BOOKMARK [2][-]{subsection.B.3}{Com}{appendix.B}% 21
\BOOKMARK [2][-]{subsection.B.4}{Styrenhet}{appendix.B}% 22
\BOOKMARK [2][-]{subsection.B.5}{Element}{appendix.B}% 23
\BOOKMARK [1][-]{appendix.C}{Kretsschema}{}% 24
\BOOKMARK [1][-]{appendix.D}{Syntesschema}{}% 25
\BOOKMARK [1][-]{appendix.E}{Komponentlista}{}% 26
\BOOKMARK [1][-]{appendix.F}{Pinlayout}{}% 27
\BOOKMARK [1][-]{appendix.G}{Programkod \(VHDL\)}{}% 28
\BOOKMARK [1][-]{appendix.H}{Arbetsredog\366relse}{}% 29
\BOOKMARK [2][-]{subsection.H.1}{Christian}{appendix.H}% 30
\BOOKMARK [2][-]{subsection.H.2}{Christoffer \326jeling}{appendix.H}% 31
\BOOKMARK [2][-]{subsection.H.3}{Jan}{appendix.H}% 32
